<?xml version="1.0" encoding="UTF-8"?>
<!-- Generated by org.testng.reporters.JUnitXMLReporter -->
<testsuite ignored="0" hostname="ESWARKIRAN" failures="0" tests="1" name="Test" time="3.691" errors="0" timestamp="2025-08-28T15:41:01 IST">
  <testcase classname="com.zoho.generic.BaseClass" name="@BeforeTest openbrowser" time="3.609">
    <failure type="java.io.FileNotFoundException" message=".\data\commondata.property (The system cannot find the path specified)">
      <![CDATA[java.io.FileNotFoundException: .\data\commondata.property (The system cannot find the path specified)
at java.base/java.io.FileInputStream.open0(Native Method)
at java.base/java.io.FileInputStream.open(FileInputStream.java:219)
at java.base/java.io.FileInputStream.<init>(FileInputStream.java:159)
at java.base/java.io.FileInputStream.<init>(FileInputStream.java:112)
at com.zoho.generic.FileLib.getProData(FileLib.java:10)
at com.zoho.generic.BaseClass.openbrowser(BaseClass.java:30)
... Removed 22 stack frames]]>
    </failure>
  </testcase> <!-- @BeforeTest openbrowser -->
  <testcase classname="com.zoho.generic.BaseClass" name="@BeforeMethod login" time="0.0">
    <skipped/>
  </testcase> <!-- @BeforeMethod login -->
  <testcase classname="com.zoho.generic.BaseClass" name="@AfterMethod logout" time="0.0">
    <skipped/>
  </testcase> <!-- @AfterMethod logout -->
  <testcase classname="com.zoho.generic.BaseClass" name="@AfterTest closebroswer" time="0.0">
    <skipped/>
  </testcase> <!-- @AfterTest closebroswer -->
  <testcase classname="com.zoho.testscript.CreateCampin" name="createcampin" time="0.0">
    <skipped/>
  </testcase> <!-- createcampin -->
</testsuite> <!-- Test -->
