<?xml version="1.0" encoding="UTF-8"?>
<testng-results ignored="0" total="1" passed="1" failed="0" skipped="0">
  <reporter-output>
    <line>
      <![CDATA[open browser]]>
    </line>
    <line>
      <![CDATA[login]]>
    </line>
    <line>
      <![CDATA[created]]>
    </line>
    <line>
      <![CDATA[logout]]>
    </line>
    <line>
      <![CDATA[close browser]]>
    </line>
  </reporter-output>
  <suite started-at="2026-04-14T13:11:09 IST" name="Suite" finished-at="2026-04-14T13:12:05 IST" duration-ms="55997">
    <groups>
    </groups>
    <test started-at="2026-04-14T13:11:09 IST" name="Test" finished-at="2026-04-14T13:12:05 IST" duration-ms="55997">
      <class name="com.zoho.testscript.CreateCampin">
        <test-method is-config="true" signature="openbrowser()[pri:0, instance:com.zoho.testscript.CreateCampin@4f18837a]" started-at="2026-04-14T13:11:09 IST" name="openbrowser" finished-at="2026-04-14T13:11:22 IST" duration-ms="13392" status="PASS">
          <reporter-output>
            <line>
              <![CDATA[open browser]]>
            </line>
          </reporter-output>
        </test-method> <!-- openbrowser -->
        <test-method is-config="true" signature="login()[pri:0, instance:com.zoho.testscript.CreateCampin@4f18837a]" started-at="2026-04-14T13:11:22 IST" name="login" finished-at="2026-04-14T13:11:27 IST" duration-ms="5405" status="PASS">
          <reporter-output>
            <line>
              <![CDATA[login]]>
            </line>
          </reporter-output>
        </test-method> <!-- login -->
        <test-method signature="createcampin()[pri:0, instance:com.zoho.testscript.CreateCampin@4f18837a]" started-at="2026-04-14T13:11:27 IST" name="createcampin" finished-at="2026-04-14T13:11:53 IST" duration-ms="25998" status="PASS">
          <reporter-output>
            <line>
              <![CDATA[created]]>
            </line>
          </reporter-output>
        </test-method> <!-- createcampin -->
        <test-method is-config="true" signature="logout()[pri:0, instance:com.zoho.testscript.CreateCampin@4f18837a]" started-at="2026-04-14T13:11:53 IST" name="logout" finished-at="2026-04-14T13:12:00 IST" duration-ms="6356" status="PASS">
          <reporter-output>
            <line>
              <![CDATA[logout]]>
            </line>
          </reporter-output>
        </test-method> <!-- logout -->
        <test-method is-config="true" signature="closebroswer()[pri:0, instance:com.zoho.testscript.CreateCampin@4f18837a]" started-at="2026-04-14T13:12:00 IST" name="closebroswer" finished-at="2026-04-14T13:12:05 IST" duration-ms="4720" status="PASS">
          <reporter-output>
            <line>
              <![CDATA[close browser]]>
            </line>
          </reporter-output>
        </test-method> <!-- closebroswer -->
      </class> <!-- com.zoho.testscript.CreateCampin -->
    </test> <!-- Test -->
  </suite> <!-- Suite -->
</testng-results>
