<?xml version="1.0" encoding="UTF-8"?>
<testng-results ignored="0" total="1" passed="1" failed="0" skipped="0">
  <reporter-output>
    <line>
      <![CDATA[open browser]]>
    </line>
    <line>
      <![CDATA[login]]>
    </line>
    <line>
      <![CDATA[created]]>
    </line>
    <line>
      <![CDATA[logout]]>
    </line>
    <line>
      <![CDATA[close browser]]>
    </line>
  </reporter-output>
  <suite started-at="2025-08-30T13:27:26 IST" name="Default suite" finished-at="2025-08-30T13:28:05 IST" duration-ms="38351">
    <groups>
    </groups>
    <test started-at="2025-08-30T13:27:26 IST" name="Default test" finished-at="2025-08-30T13:28:05 IST" duration-ms="38351">
      <class name="com.zoho.testscript.CreateCampin">
        <test-method is-config="true" signature="openbrowser()[pri:0, instance:com.zoho.testscript.CreateCampin@6ad82709]" started-at="2025-08-30T13:27:26 IST" name="openbrowser" finished-at="2025-08-30T13:27:34 IST" duration-ms="7664" status="PASS">
          <reporter-output>
            <line>
              <![CDATA[open browser]]>
            </line>
          </reporter-output>
        </test-method> <!-- openbrowser -->
        <test-method is-config="true" signature="login()[pri:0, instance:com.zoho.testscript.CreateCampin@6ad82709]" started-at="2025-08-30T13:27:34 IST" name="login" finished-at="2025-08-30T13:27:39 IST" duration-ms="4893" status="PASS">
          <reporter-output>
            <line>
              <![CDATA[login]]>
            </line>
          </reporter-output>
        </test-method> <!-- login -->
        <test-method signature="createcampin()[pri:0, instance:com.zoho.testscript.CreateCampin@6ad82709]" started-at="2025-08-30T13:27:39 IST" name="createcampin" finished-at="2025-08-30T13:27:55 IST" duration-ms="16173" status="PASS">
          <reporter-output>
            <line>
              <![CDATA[created]]>
            </line>
          </reporter-output>
        </test-method> <!-- createcampin -->
        <test-method is-config="true" signature="logout()[pri:0, instance:com.zoho.testscript.CreateCampin@6ad82709]" started-at="2025-08-30T13:27:55 IST" name="logout" finished-at="2025-08-30T13:28:01 IST" duration-ms="6158" status="PASS">
          <reporter-output>
            <line>
              <![CDATA[logout]]>
            </line>
          </reporter-output>
        </test-method> <!-- logout -->
        <test-method is-config="true" signature="closebroswer()[pri:0, instance:com.zoho.testscript.CreateCampin@6ad82709]" started-at="2025-08-30T13:28:01 IST" name="closebroswer" finished-at="2025-08-30T13:28:05 IST" duration-ms="3336" status="PASS">
          <reporter-output>
            <line>
              <![CDATA[close browser]]>
            </line>
          </reporter-output>
        </test-method> <!-- closebroswer -->
      </class> <!-- com.zoho.testscript.CreateCampin -->
    </test> <!-- Default test -->
  </suite> <!-- Default suite -->
</testng-results>
