<?xml version="1.0" encoding="UTF-8"?>
<!-- Generated by org.testng.reporters.JUnitReportReporter -->
<testsuite hostname="ESWARKIRAN" failures="0" tests="1" name="com.zoho.testscript.CreateCampin" time="27.224" errors="0" timestamp="2025-08-30T13:28:05 IST" skipped="0">
  <testcase classname="com.zoho.testscript.CreateCampin" name="createcampin" time="27.224">
    <system-out>
      <![CDATA[created]]>
    </system-out>
  </testcase> <!-- createcampin -->
  <system-out>
    <![CDATA[open browser
login
created
logout
close browser]]>
  </system-out>
</testsuite> <!-- com.zoho.testscript.CreateCampin -->
